<?xml version="1.0" encoding="UTF-8"?>
<robot generator="Robot 7.0 (Python 3.12.1 on win32)" generated="2024-01-21T09:20:05.242356" rpa="false" schemaversion="5">
<suite id="s1" name="Iphone Search" source="C:\TecnoBank\tests\iphone_search.robot">
<test id="s1-t1" name="Realizar busca de Iphone pela Amazon Brasil e confirmar que 80% da resposta seja itens do tipo buscado" line="13">
<kw name="Dado que acesso o Google pesquisando por Amazon Brasil" owner="base" type="SETUP">
<kw name="Create Dictionary" owner="BuiltIn">
<msg time="2024-01-21T09:20:05.508519" level="INFO">${input_text} = {'amazon_brasil': 'Amazon Brasil'}</msg>
<var>${input_text}</var>
<arg>amazon_brasil=Amazon Brasil</arg>
<doc>Creates and returns a dictionary based on the given ``items``.</doc>
<status status="PASS" start="2024-01-21T09:20:05.508519" elapsed="0.000000"/>
</kw>
<kw name="Open Browser" owner="SeleniumLibrary">
<msg time="2024-01-21T09:20:05.508519" level="INFO">Opening browser 'Chrome' to base url 'https://www.google.com'.</msg>
<arg>url=${URL_GOOGLE}</arg>
<arg>browser=${BROWSER_CHROME}</arg>
<doc>Opens a new browser instance to the optional ``url``.</doc>
<status status="PASS" start="2024-01-21T09:20:05.508519" elapsed="2.783588"/>
</kw>
<kw name="Maximize Browser Window" owner="SeleniumLibrary">
<msg time="2024-01-21T09:20:08.298841" level="WARN">Keyword 'Capture Page Screenshot' could not be run on failure: Message: no such window: target window already closed
from unknown error: web view not found
  (Session info: chrome=120.0.6099.225)
Stacktrace:
	GetHandleVerifier [0x00007FF712632142+3514994]
	(No symbol) [0x00007FF712250CE2]
	(No symbol) [0x00007FF7120F76AA]
	(No symbol) [0x00007FF7120D0AFD]
	(No symbol) [0x00007FF71216CB1B]
	(No symbol) [0x00007FF71218218F]
	(No symbol) [0x00007FF712165D93]
	(No symbol) [0x00007FF712134BDC]
	(No symbol) [0x00007FF712135C64]
	GetHandleVerifier [0x00007FF71265E16B+3695259]
	GetHandleVerifier [0x00007FF7126B6737+4057191]
	GetHandleVerifier [0x00007FF7126AE4E3+4023827]
	GetHandleVerifier [0x00007FF7123804F9+689705]
	(No symbol) [0x00007FF71225C048]
	(No symbol) [0x00007FF712258044]
	(No symbol) [0x00007FF7122581C9]
	(No symbol) [0x00007FF7122488C4]
	BaseThreadInitThunk [0x00007FF8F8D6257D+29]
	RtlUserThreadStart [0x00007FF8F9E8AA58+40]
</msg>
<msg time="2024-01-21T09:20:08.302841" level="FAIL">NoSuchWindowException: Message: no such window: target window already closed
from unknown error: web view not found
  (Session info: chrome=120.0.6099.225)
Stacktrace:
	GetHandleVerifier [0x00007FF712632142+3514994]
	(No symbol) [0x00007FF712250CE2]
	(No symbol) [0x00007FF7120F76AA]
	(No symbol) [0x00007FF7120D0AFD]
	(No symbol) [0x00007FF71216CB1B]
	(No symbol) [0x00007FF71218218F]
	(No symbol) [0x00007FF712165D93]
	(No symbol) [0x00007FF712134BDC]
	(No symbol) [0x00007FF712135C64]
	GetHandleVerifier [0x00007FF71265E16B+3695259]
	GetHandleVerifier [0x00007FF7126B6737+4057191]
	GetHandleVerifier [0x00007FF7126AE4E3+4023827]
	GetHandleVerifier [0x00007FF7123804F9+689705]
	(No symbol) [0x00007FF71225C048]
	(No symbol) [0x00007FF712258044]
	(No symbol) [0x00007FF7122581C9]
	(No symbol) [0x00007FF7122488C4]
	BaseThreadInitThunk [0x00007FF8F8D6257D+29]
	RtlUserThreadStart [0x00007FF8F9E8AA58+40]
</msg>
<doc>Maximizes current browser window.</doc>
<status status="FAIL" start="2024-01-21T09:20:08.293106" elapsed="0.013733">NoSuchWindowException: Message: no such window: target window already closed
from unknown error: web view not found
  (Session info: chrome=120.0.6099.225)
Stacktrace:
	GetHandleVerifier [0x00007FF712632142+3514994]
	(No symbol) [0x00007FF712250CE2]
	(No symbol) [0x00007FF7120F76AA]
	(No symbol) [0x00007FF7120D0AFD]
	(No symbol) [0x00007FF71216CB1B]
	(No symbol) [0x00007FF71218218F]
	(No symbol) [0x00007FF712165D93]
	(No symbol) [0x00007FF712134BDC]
	(No symbol) [0x00007FF712135C64]
	GetHandleVerifier [0x00007FF71265E16B+3695259]
	GetHandleVerifier [0x00007FF7126B6737+4057191]
	GetHandleVerifier [0x00007FF7126AE4E3+4023827]
	GetHandleVerifier [0x00007FF7123804F9+689705]
	(No symbol) [0x00007FF71225C048]
	(No symbol) [0x00007FF712258044]
	(No symbol) [0x00007FF7122581C9]
	(No symbol) [0x00007FF7122488C4]
	BaseThreadInitThunk [0x00007FF8F8D6257D+29]
	RtlUserThreadStart [0x00007FF8F9E8AA58+40]
</status>
</kw>
<kw name="Input Text" owner="SeleniumLibrary">
<arg>${FIELD_SEARCH_GOOGLE}</arg>
<arg>${input_text}[amazon_brasil]</arg>
<doc>Types the given ``text`` into the text field identified by ``locator``.</doc>
<status status="NOT RUN" start="2024-01-21T09:20:08.306839" elapsed="0.000000"/>
</kw>
<kw name="Press Keys" owner="SeleniumLibrary">
<arg>${FIELD_SEARCH_GOOGLE}</arg>
<arg>ENTER</arg>
<doc>Simulates the user pressing key(s) to an element or on the active browser.</doc>
<status status="NOT RUN" start="2024-01-21T09:20:08.306839" elapsed="0.001005"/>
</kw>
<kw name="Clicar no primeiro elemento do site Amazon Brasil" owner="elements_base">
<arg>${LINK_AMAZON}</arg>
<status status="NOT RUN" start="2024-01-21T09:20:08.307844" elapsed="0.000000"/>
</kw>
<status status="FAIL" start="2024-01-21T09:20:05.508519" elapsed="2.799325">NoSuchWindowException: Message: no such window: target window already closed
from unknown error: web view not found
  (Session info: chrome=120.0.6099.225)
Stacktrace:
	GetHandleVerifier [0x00007FF712632142+3514994]
	(No symbol) [0x00007FF712250CE2]
	(No symbol) [0x00007FF7120F76AA]
	(No symbol) [0x00007FF7120D0AFD]
	(No symbol) [0x00007FF71216CB1B]
	(No symbol) [0x00007FF71218218F]
	(No symbol) [0x00007FF712165D93]
	(No symbol) [0x00007FF712134BDC]
	(No symbol) [0x00007FF712135C64]
	GetHandleVerifier [0x00007FF71265E16B+3695259]
	GetHandleVerifier [0x00007FF7126B6737+4057191]
	GetHandleVerifier [0x00007FF7126AE4E3+4023827]
	GetHandleVerifier [0x00007FF7123804F9+689705]
	(No symbol) [0x00007FF71225C048]
	(No symbol) [0x00007FF712258044]
	(No symbol) [0x00007FF7122581C9]
	(No symbol) [0x00007FF7122488C4]
	BaseThreadInitThunk [0x00007FF8F8D6257D+29]
	RtlUserThreadStart [0x00007FF8F9E8AA58+40]
</status>
</kw>
<kw name="Fechar navegador" owner="base" type="TEARDOWN">
<kw name="Close Browser" owner="SeleniumLibrary">
<doc>Closes the current browser.</doc>
<status status="PASS" start="2024-01-21T09:20:08.309843" elapsed="2.193269"/>
</kw>
<status status="PASS" start="2024-01-21T09:20:08.308844" elapsed="2.194268"/>
</kw>
<tag>busca_iphone</tag>
<status status="FAIL" start="2024-01-21T09:20:05.508519" elapsed="4.995595">Setup failed:
NoSuchWindowException: Message: no such window: target window already closed
from unknown error: web view not found
  (Session info: chrome=120.0.6099.225)
Stacktrace:
	GetHandleVerifier [0x00007FF712632142+3514994]
	(No symbol) [0x00007FF712250CE2]
	(No symbol) [0x00007FF7120F76AA]
	(No symbol) [0x00007FF7120D0AFD]
	(No symbol) [0x00007FF71216CB1B]
	(No symbol) [0x00007FF71218218F]
	(No symbol) [0x00007FF712165D93]
	(No symbol) [0x00007FF712134BDC]
	(No symbol) [0x00007FF712135C64]
	GetHandleVerifier [0x00007FF71265E16B+3695259]
	GetHandleVerifier [0x00007FF7126B6737+4057191]
	GetHandleVerifier [0x00007FF7126AE4E3+4023827]
	GetHandleVerifier [0x00007FF7123804F9+689705]
	(No symbol) [0x00007FF71225C048]
	(No symbol) [0x00007FF712258044]
	(No symbol) [0x00007FF7122581C9]
	(No symbol) [0x00007FF7122488C4]
	BaseThreadInitThunk [0x00007FF8F8D6257D+29]
	RtlUserThreadStart [0x00007FF8F9E8AA58+40]
</status>
</test>
<test id="s1-t2" name="Realizar busca de Iphone e confirmar que o item de maior valor é menor ou igual a US3000" line="19">
<kw name="Dado que acesso o Google pesquisando por Amazon Brasil" owner="base" type="SETUP">
<kw name="Create Dictionary" owner="BuiltIn">
<msg time="2024-01-21T09:20:10.508076" level="INFO">${input_text} = {'amazon_brasil': 'Amazon Brasil'}</msg>
<var>${input_text}</var>
<arg>amazon_brasil=Amazon Brasil</arg>
<doc>Creates and returns a dictionary based on the given ``items``.</doc>
<status status="PASS" start="2024-01-21T09:20:10.508076" elapsed="0.000000"/>
</kw>
<kw name="Open Browser" owner="SeleniumLibrary">
<msg time="2024-01-21T09:20:10.509075" level="INFO">Opening browser 'Chrome' to base url 'https://www.google.com'.</msg>
<arg>url=${URL_GOOGLE}</arg>
<arg>browser=${BROWSER_CHROME}</arg>
<doc>Opens a new browser instance to the optional ``url``.</doc>
<status status="PASS" start="2024-01-21T09:20:10.509075" elapsed="2.904135"/>
</kw>
<kw name="Maximize Browser Window" owner="SeleniumLibrary">
<msg time="2024-01-21T09:20:13.423999" level="WARN">Keyword 'Capture Page Screenshot' could not be run on failure: Message: no such window: target window already closed
from unknown error: web view not found
  (Session info: chrome=120.0.6099.225)
Stacktrace:
	GetHandleVerifier [0x00007FF712632142+3514994]
	(No symbol) [0x00007FF712250CE2]
	(No symbol) [0x00007FF7120F76AA]
	(No symbol) [0x00007FF7120D0AFD]
	(No symbol) [0x00007FF71216CB1B]
	(No symbol) [0x00007FF71218218F]
	(No symbol) [0x00007FF712165D93]
	(No symbol) [0x00007FF712134BDC]
	(No symbol) [0x00007FF712135C64]
	GetHandleVerifier [0x00007FF71265E16B+3695259]
	GetHandleVerifier [0x00007FF7126B6737+4057191]
	GetHandleVerifier [0x00007FF7126AE4E3+4023827]
	GetHandleVerifier [0x00007FF7123804F9+689705]
	(No symbol) [0x00007FF71225C048]
	(No symbol) [0x00007FF712258044]
	(No symbol) [0x00007FF7122581C9]
	(No symbol) [0x00007FF7122488C4]
	BaseThreadInitThunk [0x00007FF8F8D6257D+29]
	RtlUserThreadStart [0x00007FF8F9E8AA58+40]
</msg>
<msg time="2024-01-21T09:20:13.428002" level="FAIL">NoSuchWindowException: Message: no such window: target window already closed
from unknown error: web view not found
  (Session info: chrome=120.0.6099.225)
Stacktrace:
	GetHandleVerifier [0x00007FF712632142+3514994]
	(No symbol) [0x00007FF712250CE2]
	(No symbol) [0x00007FF7120F76AA]
	(No symbol) [0x00007FF7120D0AFD]
	(No symbol) [0x00007FF71216CB1B]
	(No symbol) [0x00007FF71218218F]
	(No symbol) [0x00007FF712165D93]
	(No symbol) [0x00007FF712134BDC]
	(No symbol) [0x00007FF712135C64]
	GetHandleVerifier [0x00007FF71265E16B+3695259]
	GetHandleVerifier [0x00007FF7126B6737+4057191]
	GetHandleVerifier [0x00007FF7126AE4E3+4023827]
	GetHandleVerifier [0x00007FF7123804F9+689705]
	(No symbol) [0x00007FF71225C048]
	(No symbol) [0x00007FF712258044]
	(No symbol) [0x00007FF7122581C9]
	(No symbol) [0x00007FF7122488C4]
	BaseThreadInitThunk [0x00007FF8F8D6257D+29]
	RtlUserThreadStart [0x00007FF8F9E8AA58+40]
</msg>
<doc>Maximizes current browser window.</doc>
<status status="FAIL" start="2024-01-21T09:20:13.413210" elapsed="0.016795">NoSuchWindowException: Message: no such window: target window already closed
from unknown error: web view not found
  (Session info: chrome=120.0.6099.225)
Stacktrace:
	GetHandleVerifier [0x00007FF712632142+3514994]
	(No symbol) [0x00007FF712250CE2]
	(No symbol) [0x00007FF7120F76AA]
	(No symbol) [0x00007FF7120D0AFD]
	(No symbol) [0x00007FF71216CB1B]
	(No symbol) [0x00007FF71218218F]
	(No symbol) [0x00007FF712165D93]
	(No symbol) [0x00007FF712134BDC]
	(No symbol) [0x00007FF712135C64]
	GetHandleVerifier [0x00007FF71265E16B+3695259]
	GetHandleVerifier [0x00007FF7126B6737+4057191]
	GetHandleVerifier [0x00007FF7126AE4E3+4023827]
	GetHandleVerifier [0x00007FF7123804F9+689705]
	(No symbol) [0x00007FF71225C048]
	(No symbol) [0x00007FF712258044]
	(No symbol) [0x00007FF7122581C9]
	(No symbol) [0x00007FF7122488C4]
	BaseThreadInitThunk [0x00007FF8F8D6257D+29]
	RtlUserThreadStart [0x00007FF8F9E8AA58+40]
</status>
</kw>
<kw name="Input Text" owner="SeleniumLibrary">
<arg>${FIELD_SEARCH_GOOGLE}</arg>
<arg>${input_text}[amazon_brasil]</arg>
<doc>Types the given ``text`` into the text field identified by ``locator``.</doc>
<status status="NOT RUN" start="2024-01-21T09:20:13.430005" elapsed="0.000000"/>
</kw>
<kw name="Press Keys" owner="SeleniumLibrary">
<arg>${FIELD_SEARCH_GOOGLE}</arg>
<arg>ENTER</arg>
<doc>Simulates the user pressing key(s) to an element or on the active browser.</doc>
<status status="NOT RUN" start="2024-01-21T09:20:13.431008" elapsed="0.000000"/>
</kw>
<kw name="Clicar no primeiro elemento do site Amazon Brasil" owner="elements_base">
<arg>${LINK_AMAZON}</arg>
<status status="NOT RUN" start="2024-01-21T09:20:13.431008" elapsed="0.000000"/>
</kw>
<status status="FAIL" start="2024-01-21T09:20:10.508076" elapsed="2.922932">NoSuchWindowException: Message: no such window: target window already closed
from unknown error: web view not found
  (Session info: chrome=120.0.6099.225)
Stacktrace:
	GetHandleVerifier [0x00007FF712632142+3514994]
	(No symbol) [0x00007FF712250CE2]
	(No symbol) [0x00007FF7120F76AA]
	(No symbol) [0x00007FF7120D0AFD]
	(No symbol) [0x00007FF71216CB1B]
	(No symbol) [0x00007FF71218218F]
	(No symbol) [0x00007FF712165D93]
	(No symbol) [0x00007FF712134BDC]
	(No symbol) [0x00007FF712135C64]
	GetHandleVerifier [0x00007FF71265E16B+3695259]
	GetHandleVerifier [0x00007FF7126B6737+4057191]
	GetHandleVerifier [0x00007FF7126AE4E3+4023827]
	GetHandleVerifier [0x00007FF7123804F9+689705]
	(No symbol) [0x00007FF71225C048]
	(No symbol) [0x00007FF712258044]
	(No symbol) [0x00007FF7122581C9]
	(No symbol) [0x00007FF7122488C4]
	BaseThreadInitThunk [0x00007FF8F8D6257D+29]
	RtlUserThreadStart [0x00007FF8F9E8AA58+40]
</status>
</kw>
<kw name="Fechar navegador" owner="base" type="TEARDOWN">
<kw name="Close Browser" owner="SeleniumLibrary">
<msg time="2024-01-21T09:20:14.643976" level="ERROR">When closing browser, received exception: Execution terminated by signal</msg>
<msg time="2024-01-21T09:20:14.643976" level="INFO">Cannot capture screenshot because no browser is open.</msg>
<doc>Closes the current browser.</doc>
<status status="FAIL" start="2024-01-21T09:20:13.433002" elapsed="1.210974">Execution terminated by signal</status>
</kw>
<status status="FAIL" start="2024-01-21T09:20:13.432007" elapsed="1.211969">Execution terminated by signal</status>
</kw>
<tag>maior_valor</tag>
<status status="FAIL" start="2024-01-21T09:20:10.507077" elapsed="4.136899">Setup failed:
NoSuchWindowException: Message: no such window: target window already closed
from unknown error: web view not found
  (Session info: chrome=120.0.6099.225)
Stacktrace:
	GetHandleVerifier [0x00007FF712632142+3514994]
	(No symbol) [0x00007FF712250CE2]
	(No symbol) [0x00007FF7120F76AA]
	(No symbol) [0x00007FF7120D0AFD]
	(No symbol) [0x00007FF71216CB1B]
	(No symbol) [0x00007FF71218218F]
	(No symbol) [0x00007FF712165D93]
	(No symbol) [0x00007FF712134BDC]
	(No symbol) [0x00007FF712135C64]
	GetHandleVerifier [0x00007FF71265E16B+3695259]
	GetHandleVerifier [0x00007FF7126B6737+4057191]
	GetHandleVerifier [0x00007FF7126AE4E3+4023827]
	GetHandleVerifier [0x00007FF7123804F9+689705]
	(No symbol) [0x00007FF71225C048]
	(No symbol) [0x00007FF712258044]
	(No symbol) [0x00007FF7122581C9]
	(No symbol) [0x00007FF7122488C4]
	BaseThreadInitThunk [0x00007FF8F8D6257D+29]
	RtlUserThreadStart [0x00007FF8F9E8AA58+40]


Also teardown failed:
Execution terminated by signal</status>
</test>
<test id="s1-t3" name="Itens que não sejam do tipo Iphone deve ter um preço menor" line="26">
<tag>robot:exit</tag>
<tag>valor_menor</tag>
<status status="FAIL" start="2024-01-21T09:20:14.643976" elapsed="0.000000">Test execution stopped due to a fatal error.</status>
</test>
<doc>Acessar o Google e pesquisar celular Iphone pela Amazon Brasil</doc>
<status status="FAIL" start="2024-01-21T09:20:05.242356" elapsed="9.401620"/>
</suite>
<statistics>
<total>
<stat pass="0" fail="3" skip="0">All Tests</stat>
</total>
<tag>
<stat pass="0" fail="2" skip="0" info="combined" combined="NOT robot:exit">NOT robot:exit</stat>
<stat pass="0" fail="1" skip="0">busca_iphone</stat>
<stat pass="0" fail="1" skip="0">maior_valor</stat>
<stat pass="0" fail="1" skip="0">valor_menor</stat>
</tag>
<suite>
<stat pass="0" fail="3" skip="0" id="s1" name="Iphone Search">Iphone Search</stat>
</suite>
</statistics>
<errors>
<msg time="2024-01-21T09:20:08.298841" level="WARN">Keyword 'Capture Page Screenshot' could not be run on failure: Message: no such window: target window already closed
from unknown error: web view not found
  (Session info: chrome=120.0.6099.225)
Stacktrace:
	GetHandleVerifier [0x00007FF712632142+3514994]
	(No symbol) [0x00007FF712250CE2]
	(No symbol) [0x00007FF7120F76AA]
	(No symbol) [0x00007FF7120D0AFD]
	(No symbol) [0x00007FF71216CB1B]
	(No symbol) [0x00007FF71218218F]
	(No symbol) [0x00007FF712165D93]
	(No symbol) [0x00007FF712134BDC]
	(No symbol) [0x00007FF712135C64]
	GetHandleVerifier [0x00007FF71265E16B+3695259]
	GetHandleVerifier [0x00007FF7126B6737+4057191]
	GetHandleVerifier [0x00007FF7126AE4E3+4023827]
	GetHandleVerifier [0x00007FF7123804F9+689705]
	(No symbol) [0x00007FF71225C048]
	(No symbol) [0x00007FF712258044]
	(No symbol) [0x00007FF7122581C9]
	(No symbol) [0x00007FF7122488C4]
	BaseThreadInitThunk [0x00007FF8F8D6257D+29]
	RtlUserThreadStart [0x00007FF8F9E8AA58+40]
</msg>
<msg time="2024-01-21T09:20:13.423999" level="WARN">Keyword 'Capture Page Screenshot' could not be run on failure: Message: no such window: target window already closed
from unknown error: web view not found
  (Session info: chrome=120.0.6099.225)
Stacktrace:
	GetHandleVerifier [0x00007FF712632142+3514994]
	(No symbol) [0x00007FF712250CE2]
	(No symbol) [0x00007FF7120F76AA]
	(No symbol) [0x00007FF7120D0AFD]
	(No symbol) [0x00007FF71216CB1B]
	(No symbol) [0x00007FF71218218F]
	(No symbol) [0x00007FF712165D93]
	(No symbol) [0x00007FF712134BDC]
	(No symbol) [0x00007FF712135C64]
	GetHandleVerifier [0x00007FF71265E16B+3695259]
	GetHandleVerifier [0x00007FF7126B6737+4057191]
	GetHandleVerifier [0x00007FF7126AE4E3+4023827]
	GetHandleVerifier [0x00007FF7123804F9+689705]
	(No symbol) [0x00007FF71225C048]
	(No symbol) [0x00007FF712258044]
	(No symbol) [0x00007FF7122581C9]
	(No symbol) [0x00007FF7122488C4]
	BaseThreadInitThunk [0x00007FF8F8D6257D+29]
	RtlUserThreadStart [0x00007FF8F9E8AA58+40]
</msg>
<msg time="2024-01-21T09:20:14.643976" level="ERROR">When closing browser, received exception: Execution terminated by signal</msg>
</errors>
</robot>
